<?xml version="1.0" encoding="UTF-8"?>
<testsuite xmlns:xsi="http://www.w3.org/2001/XMLSchema-instance" xsi:noNamespaceSchemaLocation="https://maven.apache.org/surefire/maven-failsafe-plugin/xsd/failsafe-test-report.xsd" name="uk.co.paulpop.services.controller.JavaSpringServiceControllerIT" time="6.345" tests="4" errors="0" skipped="0" failures="0">
  <properties>
    <property name="gopherProxySet" value="false"/>
    <property name="awt.toolkit" value="sun.lwawt.macosx.LWCToolkit"/>
    <property name="file.encoding.pkg" value="sun.io"/>
    <property name="java.specification.version" value="1.8"/>
    <property name="sun.cpu.isalist" value=""/>
    <property name="sun.jnu.encoding" value="UTF-8"/>
    <property name="java.class.path" value="/Users/mng/Documents/Dev/and-microservices-course/team-avocado/flights-api/target/test-classes:/Users/mng/Documents/Dev/and-microservices-course/team-avocado/flights-api/target/java-spring-service-1.0-SNAPSHOT.jar:/Users/mng/.m2/repository/org/springframework/boot/spring-boot-starter-web/1.5.14.RELEASE/spring-boot-starter-web-1.5.14.RELEASE.jar:/Users/mng/.m2/repository/org/springframework/boot/spring-boot-starter/1.5.14.RELEASE/spring-boot-starter-1.5.14.RELEASE.jar:/Users/mng/.m2/repository/org/springframework/boot/spring-boot/1.5.14.RELEASE/spring-boot-1.5.14.RELEASE.jar:/Users/mng/.m2/repository/org/springframework/boot/spring-boot-autoconfigure/1.5.14.RELEASE/spring-boot-autoconfigure-1.5.14.RELEASE.jar:/Users/mng/.m2/repository/org/springframework/boot/spring-boot-starter-logging/1.5.14.RELEASE/spring-boot-starter-logging-1.5.14.RELEASE.jar:/Users/mng/.m2/repository/ch/qos/logback/logback-classic/1.1.11/logback-classic-1.1.11.jar:/Users/mng/.m2/repository/org/slf4j/jcl-over-slf4j/1.7.25/jcl-over-slf4j-1.7.25.jar:/Users/mng/.m2/repository/org/slf4j/jul-to-slf4j/1.7.25/jul-to-slf4j-1.7.25.jar:/Users/mng/.m2/repository/org/slf4j/log4j-over-slf4j/1.7.25/log4j-over-slf4j-1.7.25.jar:/Users/mng/.m2/repository/org/yaml/snakeyaml/1.17/snakeyaml-1.17.jar:/Users/mng/.m2/repository/org/springframework/boot/spring-boot-starter-tomcat/1.5.14.RELEASE/spring-boot-starter-tomcat-1.5.14.RELEASE.jar:/Users/mng/.m2/repository/org/apache/tomcat/embed/tomcat-embed-core/8.5.31/tomcat-embed-core-8.5.31.jar:/Users/mng/.m2/repository/org/apache/tomcat/tomcat-annotations-api/8.5.31/tomcat-annotations-api-8.5.31.jar:/Users/mng/.m2/repository/org/apache/tomcat/embed/tomcat-embed-el/8.5.31/tomcat-embed-el-8.5.31.jar:/Users/mng/.m2/repository/org/apache/tomcat/embed/tomcat-embed-websocket/8.5.31/tomcat-embed-websocket-8.5.31.jar:/Users/mng/.m2/repository/org/hibernate/hibernate-validator/5.3.6.Final/hibernate-validator-5.3.6.Final.jar:/Users/mng/.m2/repository/javax/validation/validation-api/1.1.0.Final/validation-api-1.1.0.Final.jar:/Users/mng/.m2/repository/org/jboss/logging/jboss-logging/3.3.0.Final/jboss-logging-3.3.0.Final.jar:/Users/mng/.m2/repository/com/fasterxml/jackson/core/jackson-databind/2.8.11.2/jackson-databind-2.8.11.2.jar:/Users/mng/.m2/repository/com/fasterxml/jackson/core/jackson-annotations/2.8.0/jackson-annotations-2.8.0.jar:/Users/mng/.m2/repository/com/fasterxml/jackson/core/jackson-core/2.8.10/jackson-core-2.8.10.jar:/Users/mng/.m2/repository/org/springframework/spring-web/4.3.18.RELEASE/spring-web-4.3.18.RELEASE.jar:/Users/mng/.m2/repository/org/springframework/spring-beans/4.3.18.RELEASE/spring-beans-4.3.18.RELEASE.jar:/Users/mng/.m2/repository/org/springframework/spring-context/4.3.18.RELEASE/spring-context-4.3.18.RELEASE.jar:/Users/mng/.m2/repository/org/springframework/spring-webmvc/4.3.18.RELEASE/spring-webmvc-4.3.18.RELEASE.jar:/Users/mng/.m2/repository/org/springframework/spring-expression/4.3.18.RELEASE/spring-expression-4.3.18.RELEASE.jar:/Users/mng/.m2/repository/org/springframework/boot/spring-boot-starter-actuator/1.5.14.RELEASE/spring-boot-starter-actuator-1.5.14.RELEASE.jar:/Users/mng/.m2/repository/org/springframework/boot/spring-boot-actuator/1.5.14.RELEASE/spring-boot-actuator-1.5.14.RELEASE.jar:/Users/mng/.m2/repository/org/springframework/boot/spring-boot-starter-security/1.5.14.RELEASE/spring-boot-starter-security-1.5.14.RELEASE.jar:/Users/mng/.m2/repository/org/springframework/spring-aop/4.3.18.RELEASE/spring-aop-4.3.18.RELEASE.jar:/Users/mng/.m2/repository/org/springframework/security/spring-security-config/4.2.7.RELEASE/spring-security-config-4.2.7.RELEASE.jar:/Users/mng/.m2/repository/org/springframework/security/spring-security-core/4.2.7.RELEASE/spring-security-core-4.2.7.RELEASE.jar:/Users/mng/.m2/repository/org/springframework/security/spring-security-web/4.2.7.RELEASE/spring-security-web-4.2.7.RELEASE.jar:/Users/mng/.m2/repository/net/rakugakibox/spring/boot/logback-access-spring-boot-starter/2.7.1/logback-access-spring-boot-starter-2.7.1.jar:/Users/mng/.m2/repository/ch/qos/logback/logback-access/1.2.3/logback-access-1.2.3.jar:/Users/mng/.m2/repository/ch/qos/logback/logback-core/1.2.3/logback-core-1.2.3.jar:/Users/mng/.m2/repository/io/springfox/springfox-swagger2/2.9.2/springfox-swagger2-2.9.2.jar:/Users/mng/.m2/repository/io/swagger/swagger-annotations/1.5.20/swagger-annotations-1.5.20.jar:/Users/mng/.m2/repository/io/swagger/swagger-models/1.5.20/swagger-models-1.5.20.jar:/Users/mng/.m2/repository/io/springfox/springfox-spi/2.9.2/springfox-spi-2.9.2.jar:/Users/mng/.m2/repository/io/springfox/springfox-core/2.9.2/springfox-core-2.9.2.jar:/Users/mng/.m2/repository/net/bytebuddy/byte-buddy/1.8.12/byte-buddy-1.8.12.jar:/Users/mng/.m2/repository/io/springfox/springfox-schema/2.9.2/springfox-schema-2.9.2.jar:/Users/mng/.m2/repository/io/springfox/springfox-swagger-common/2.9.2/springfox-swagger-common-2.9.2.jar:/Users/mng/.m2/repository/io/springfox/springfox-spring-web/2.9.2/springfox-spring-web-2.9.2.jar:/Users/mng/.m2/repository/com/google/guava/guava/20.0/guava-20.0.jar:/Users/mng/.m2/repository/com/fasterxml/classmate/1.4.0/classmate-1.4.0.jar:/Users/mng/.m2/repository/org/slf4j/slf4j-api/1.7.25/slf4j-api-1.7.25.jar:/Users/mng/.m2/repository/org/springframework/plugin/spring-plugin-core/1.2.0.RELEASE/spring-plugin-core-1.2.0.RELEASE.jar:/Users/mng/.m2/repository/org/springframework/plugin/spring-plugin-metadata/1.2.0.RELEASE/spring-plugin-metadata-1.2.0.RELEASE.jar:/Users/mng/.m2/repository/org/mapstruct/mapstruct/1.2.0.Final/mapstruct-1.2.0.Final.jar:/Users/mng/.m2/repository/io/springfox/springfox-swagger-ui/2.9.2/springfox-swagger-ui-2.9.2.jar:/Users/mng/.m2/repository/org/projectlombok/lombok/1.16.22/lombok-1.16.22.jar:/Users/mng/.m2/repository/org/springframework/boot/spring-boot-starter-test/1.5.14.RELEASE/spring-boot-starter-test-1.5.14.RELEASE.jar:/Users/mng/.m2/repository/org/springframework/boot/spring-boot-test/1.5.14.RELEASE/spring-boot-test-1.5.14.RELEASE.jar:/Users/mng/.m2/repository/org/springframework/boot/spring-boot-test-autoconfigure/1.5.14.RELEASE/spring-boot-test-autoconfigure-1.5.14.RELEASE.jar:/Users/mng/.m2/repository/com/jayway/jsonpath/json-path/2.2.0/json-path-2.2.0.jar:/Users/mng/.m2/repository/net/minidev/json-smart/2.2.1/json-smart-2.2.1.jar:/Users/mng/.m2/repository/net/minidev/accessors-smart/1.1/accessors-smart-1.1.jar:/Users/mng/.m2/repository/org/ow2/asm/asm/5.0.3/asm-5.0.3.jar:/Users/mng/.m2/repository/junit/junit/4.12/junit-4.12.jar:/Users/mng/.m2/repository/org/assertj/assertj-core/2.6.0/assertj-core-2.6.0.jar:/Users/mng/.m2/repository/org/mockito/mockito-core/1.10.19/mockito-core-1.10.19.jar:/Users/mng/.m2/repository/org/objenesis/objenesis/2.1/objenesis-2.1.jar:/Users/mng/.m2/repository/org/hamcrest/hamcrest-core/1.3/hamcrest-core-1.3.jar:/Users/mng/.m2/repository/org/hamcrest/hamcrest-library/1.3/hamcrest-library-1.3.jar:/Users/mng/.m2/repository/org/skyscreamer/jsonassert/1.4.0/jsonassert-1.4.0.jar:/Users/mng/.m2/repository/com/vaadin/external/google/android-json/0.0.20131108.vaadin1/android-json-0.0.20131108.vaadin1.jar:/Users/mng/.m2/repository/org/springframework/spring-core/4.3.18.RELEASE/spring-core-4.3.18.RELEASE.jar:/Users/mng/.m2/repository/org/springframework/spring-test/4.3.18.RELEASE/spring-test-4.3.18.RELEASE.jar:"/>
    <property name="java.vm.vendor" value="Oracle Corporation"/>
    <property name="sun.arch.data.model" value="64"/>
    <property name="java.vendor.url" value="http://java.oracle.com/"/>
    <property name="user.timezone" value=""/>
    <property name="java.vm.specification.version" value="1.8"/>
    <property name="os.name" value="Mac OS X"/>
    <property name="user.country" value="GB"/>
    <property name="sun.java.launcher" value="SUN_STANDARD"/>
    <property name="sun.boot.library.path" value="/Library/Java/JavaVirtualMachines/jdk1.8.0_161.jdk/Contents/Home/jre/lib"/>
    <property name="sun.java.command" value="/Users/mng/Documents/Dev/and-microservices-course/team-avocado/flights-api/target/surefire/surefirebooter3504604338528919436.jar /Users/mng/Documents/Dev/and-microservices-course/team-avocado/flights-api/target/surefire 2018-08-02T10-06-21_255-jvmRun1 surefire4508841766518288563tmp surefire_0332383841967728219tmp"/>
    <property name="http.nonProxyHosts" value="local|*.local|169.254/16|*.169.254/16"/>
    <property name="surefire.test.class.path" value="/Users/mng/Documents/Dev/and-microservices-course/team-avocado/flights-api/target/test-classes:/Users/mng/Documents/Dev/and-microservices-course/team-avocado/flights-api/target/java-spring-service-1.0-SNAPSHOT.jar:/Users/mng/.m2/repository/org/springframework/boot/spring-boot-starter-web/1.5.14.RELEASE/spring-boot-starter-web-1.5.14.RELEASE.jar:/Users/mng/.m2/repository/org/springframework/boot/spring-boot-starter/1.5.14.RELEASE/spring-boot-starter-1.5.14.RELEASE.jar:/Users/mng/.m2/repository/org/springframework/boot/spring-boot/1.5.14.RELEASE/spring-boot-1.5.14.RELEASE.jar:/Users/mng/.m2/repository/org/springframework/boot/spring-boot-autoconfigure/1.5.14.RELEASE/spring-boot-autoconfigure-1.5.14.RELEASE.jar:/Users/mng/.m2/repository/org/springframework/boot/spring-boot-starter-logging/1.5.14.RELEASE/spring-boot-starter-logging-1.5.14.RELEASE.jar:/Users/mng/.m2/repository/ch/qos/logback/logback-classic/1.1.11/logback-classic-1.1.11.jar:/Users/mng/.m2/repository/org/slf4j/jcl-over-slf4j/1.7.25/jcl-over-slf4j-1.7.25.jar:/Users/mng/.m2/repository/org/slf4j/jul-to-slf4j/1.7.25/jul-to-slf4j-1.7.25.jar:/Users/mng/.m2/repository/org/slf4j/log4j-over-slf4j/1.7.25/log4j-over-slf4j-1.7.25.jar:/Users/mng/.m2/repository/org/yaml/snakeyaml/1.17/snakeyaml-1.17.jar:/Users/mng/.m2/repository/org/springframework/boot/spring-boot-starter-tomcat/1.5.14.RELEASE/spring-boot-starter-tomcat-1.5.14.RELEASE.jar:/Users/mng/.m2/repository/org/apache/tomcat/embed/tomcat-embed-core/8.5.31/tomcat-embed-core-8.5.31.jar:/Users/mng/.m2/repository/org/apache/tomcat/tomcat-annotations-api/8.5.31/tomcat-annotations-api-8.5.31.jar:/Users/mng/.m2/repository/org/apache/tomcat/embed/tomcat-embed-el/8.5.31/tomcat-embed-el-8.5.31.jar:/Users/mng/.m2/repository/org/apache/tomcat/embed/tomcat-embed-websocket/8.5.31/tomcat-embed-websocket-8.5.31.jar:/Users/mng/.m2/repository/org/hibernate/hibernate-validator/5.3.6.Final/hibernate-validator-5.3.6.Final.jar:/Users/mng/.m2/repository/javax/validation/validation-api/1.1.0.Final/validation-api-1.1.0.Final.jar:/Users/mng/.m2/repository/org/jboss/logging/jboss-logging/3.3.0.Final/jboss-logging-3.3.0.Final.jar:/Users/mng/.m2/repository/com/fasterxml/jackson/core/jackson-databind/2.8.11.2/jackson-databind-2.8.11.2.jar:/Users/mng/.m2/repository/com/fasterxml/jackson/core/jackson-annotations/2.8.0/jackson-annotations-2.8.0.jar:/Users/mng/.m2/repository/com/fasterxml/jackson/core/jackson-core/2.8.10/jackson-core-2.8.10.jar:/Users/mng/.m2/repository/org/springframework/spring-web/4.3.18.RELEASE/spring-web-4.3.18.RELEASE.jar:/Users/mng/.m2/repository/org/springframework/spring-beans/4.3.18.RELEASE/spring-beans-4.3.18.RELEASE.jar:/Users/mng/.m2/repository/org/springframework/spring-context/4.3.18.RELEASE/spring-context-4.3.18.RELEASE.jar:/Users/mng/.m2/repository/org/springframework/spring-webmvc/4.3.18.RELEASE/spring-webmvc-4.3.18.RELEASE.jar:/Users/mng/.m2/repository/org/springframework/spring-expression/4.3.18.RELEASE/spring-expression-4.3.18.RELEASE.jar:/Users/mng/.m2/repository/org/springframework/boot/spring-boot-starter-actuator/1.5.14.RELEASE/spring-boot-starter-actuator-1.5.14.RELEASE.jar:/Users/mng/.m2/repository/org/springframework/boot/spring-boot-actuator/1.5.14.RELEASE/spring-boot-actuator-1.5.14.RELEASE.jar:/Users/mng/.m2/repository/org/springframework/boot/spring-boot-starter-security/1.5.14.RELEASE/spring-boot-starter-security-1.5.14.RELEASE.jar:/Users/mng/.m2/repository/org/springframework/spring-aop/4.3.18.RELEASE/spring-aop-4.3.18.RELEASE.jar:/Users/mng/.m2/repository/org/springframework/security/spring-security-config/4.2.7.RELEASE/spring-security-config-4.2.7.RELEASE.jar:/Users/mng/.m2/repository/org/springframework/security/spring-security-core/4.2.7.RELEASE/spring-security-core-4.2.7.RELEASE.jar:/Users/mng/.m2/repository/org/springframework/security/spring-security-web/4.2.7.RELEASE/spring-security-web-4.2.7.RELEASE.jar:/Users/mng/.m2/repository/net/rakugakibox/spring/boot/logback-access-spring-boot-starter/2.7.1/logback-access-spring-boot-starter-2.7.1.jar:/Users/mng/.m2/repository/ch/qos/logback/logback-access/1.2.3/logback-access-1.2.3.jar:/Users/mng/.m2/repository/ch/qos/logback/logback-core/1.2.3/logback-core-1.2.3.jar:/Users/mng/.m2/repository/io/springfox/springfox-swagger2/2.9.2/springfox-swagger2-2.9.2.jar:/Users/mng/.m2/repository/io/swagger/swagger-annotations/1.5.20/swagger-annotations-1.5.20.jar:/Users/mng/.m2/repository/io/swagger/swagger-models/1.5.20/swagger-models-1.5.20.jar:/Users/mng/.m2/repository/io/springfox/springfox-spi/2.9.2/springfox-spi-2.9.2.jar:/Users/mng/.m2/repository/io/springfox/springfox-core/2.9.2/springfox-core-2.9.2.jar:/Users/mng/.m2/repository/net/bytebuddy/byte-buddy/1.8.12/byte-buddy-1.8.12.jar:/Users/mng/.m2/repository/io/springfox/springfox-schema/2.9.2/springfox-schema-2.9.2.jar:/Users/mng/.m2/repository/io/springfox/springfox-swagger-common/2.9.2/springfox-swagger-common-2.9.2.jar:/Users/mng/.m2/repository/io/springfox/springfox-spring-web/2.9.2/springfox-spring-web-2.9.2.jar:/Users/mng/.m2/repository/com/google/guava/guava/20.0/guava-20.0.jar:/Users/mng/.m2/repository/com/fasterxml/classmate/1.4.0/classmate-1.4.0.jar:/Users/mng/.m2/repository/org/slf4j/slf4j-api/1.7.25/slf4j-api-1.7.25.jar:/Users/mng/.m2/repository/org/springframework/plugin/spring-plugin-core/1.2.0.RELEASE/spring-plugin-core-1.2.0.RELEASE.jar:/Users/mng/.m2/repository/org/springframework/plugin/spring-plugin-metadata/1.2.0.RELEASE/spring-plugin-metadata-1.2.0.RELEASE.jar:/Users/mng/.m2/repository/org/mapstruct/mapstruct/1.2.0.Final/mapstruct-1.2.0.Final.jar:/Users/mng/.m2/repository/io/springfox/springfox-swagger-ui/2.9.2/springfox-swagger-ui-2.9.2.jar:/Users/mng/.m2/repository/org/projectlombok/lombok/1.16.22/lombok-1.16.22.jar:/Users/mng/.m2/repository/org/springframework/boot/spring-boot-starter-test/1.5.14.RELEASE/spring-boot-starter-test-1.5.14.RELEASE.jar:/Users/mng/.m2/repository/org/springframework/boot/spring-boot-test/1.5.14.RELEASE/spring-boot-test-1.5.14.RELEASE.jar:/Users/mng/.m2/repository/org/springframework/boot/spring-boot-test-autoconfigure/1.5.14.RELEASE/spring-boot-test-autoconfigure-1.5.14.RELEASE.jar:/Users/mng/.m2/repository/com/jayway/jsonpath/json-path/2.2.0/json-path-2.2.0.jar:/Users/mng/.m2/repository/net/minidev/json-smart/2.2.1/json-smart-2.2.1.jar:/Users/mng/.m2/repository/net/minidev/accessors-smart/1.1/accessors-smart-1.1.jar:/Users/mng/.m2/repository/org/ow2/asm/asm/5.0.3/asm-5.0.3.jar:/Users/mng/.m2/repository/junit/junit/4.12/junit-4.12.jar:/Users/mng/.m2/repository/org/assertj/assertj-core/2.6.0/assertj-core-2.6.0.jar:/Users/mng/.m2/repository/org/mockito/mockito-core/1.10.19/mockito-core-1.10.19.jar:/Users/mng/.m2/repository/org/objenesis/objenesis/2.1/objenesis-2.1.jar:/Users/mng/.m2/repository/org/hamcrest/hamcrest-core/1.3/hamcrest-core-1.3.jar:/Users/mng/.m2/repository/org/hamcrest/hamcrest-library/1.3/hamcrest-library-1.3.jar:/Users/mng/.m2/repository/org/skyscreamer/jsonassert/1.4.0/jsonassert-1.4.0.jar:/Users/mng/.m2/repository/com/vaadin/external/google/android-json/0.0.20131108.vaadin1/android-json-0.0.20131108.vaadin1.jar:/Users/mng/.m2/repository/org/springframework/spring-core/4.3.18.RELEASE/spring-core-4.3.18.RELEASE.jar:/Users/mng/.m2/repository/org/springframework/spring-test/4.3.18.RELEASE/spring-test-4.3.18.RELEASE.jar:"/>
    <property name="sun.cpu.endian" value="little"/>
    <property name="user.home" value="/Users/mng"/>
    <property name="user.language" value="en"/>
    <property name="java.specification.vendor" value="Oracle Corporation"/>
    <property name="java.home" value="/Library/Java/JavaVirtualMachines/jdk1.8.0_161.jdk/Contents/Home/jre"/>
    <property name="basedir" value="/Users/mng/Documents/Dev/and-microservices-course/team-avocado/flights-api"/>
    <property name="file.separator" value="/"/>
    <property name="line.separator" value="&#10;"/>
    <property name="java.vm.specification.vendor" value="Oracle Corporation"/>
    <property name="java.specification.name" value="Java Platform API Specification"/>
    <property name="java.awt.graphicsenv" value="sun.awt.CGraphicsEnvironment"/>
    <property name="surefire.real.class.path" value="/Users/mng/Documents/Dev/and-microservices-course/team-avocado/flights-api/target/surefire/surefirebooter3504604338528919436.jar:/Users/mng/.m2/repository/org/jacoco/org.jacoco.agent/0.8.0/org.jacoco.agent-0.8.0-runtime.jar"/>
    <property name="sun.boot.class.path" value="/Library/Java/JavaVirtualMachines/jdk1.8.0_161.jdk/Contents/Home/jre/lib/resources.jar:/Library/Java/JavaVirtualMachines/jdk1.8.0_161.jdk/Contents/Home/jre/lib/rt.jar:/Library/Java/JavaVirtualMachines/jdk1.8.0_161.jdk/Contents/Home/jre/lib/sunrsasign.jar:/Library/Java/JavaVirtualMachines/jdk1.8.0_161.jdk/Contents/Home/jre/lib/jsse.jar:/Library/Java/JavaVirtualMachines/jdk1.8.0_161.jdk/Contents/Home/jre/lib/jce.jar:/Library/Java/JavaVirtualMachines/jdk1.8.0_161.jdk/Contents/Home/jre/lib/charsets.jar:/Library/Java/JavaVirtualMachines/jdk1.8.0_161.jdk/Contents/Home/jre/lib/jfr.jar:/Library/Java/JavaVirtualMachines/jdk1.8.0_161.jdk/Contents/Home/jre/classes"/>
    <property name="sun.management.compiler" value="HotSpot 64-Bit Tiered Compilers"/>
    <property name="ftp.nonProxyHosts" value="local|*.local|169.254/16|*.169.254/16"/>
    <property name="java.runtime.version" value="1.8.0_161-b12"/>
    <property name="user.name" value="mng"/>
    <property name="path.separator" value=":"/>
    <property name="os.version" value="10.13.5"/>
    <property name="java.endorsed.dirs" value="/Library/Java/JavaVirtualMachines/jdk1.8.0_161.jdk/Contents/Home/jre/lib/endorsed"/>
    <property name="java.runtime.name" value="Java(TM) SE Runtime Environment"/>
    <property name="file.encoding" value="UTF-8"/>
    <property name="java.vm.name" value="Java HotSpot(TM) 64-Bit Server VM"/>
    <property name="localRepository" value="/Users/mng/.m2/repository"/>
    <property name="java.vendor.url.bug" value="http://bugreport.sun.com/bugreport/"/>
    <property name="java.io.tmpdir" value="/var/folders/sw/y1sbcxs95tv8hjhg8n0z0ljm0000gp/T/"/>
    <property name="java.version" value="1.8.0_161"/>
    <property name="user.dir" value="/Users/mng/Documents/Dev/and-microservices-course/team-avocado/flights-api"/>
    <property name="os.arch" value="x86_64"/>
    <property name="java.vm.specification.name" value="Java Virtual Machine Specification"/>
    <property name="java.awt.printerjob" value="sun.lwawt.macosx.CPrinterJob"/>
    <property name="sun.os.patch.level" value="unknown"/>
    <property name="java.library.path" value="/Users/mng/Library/Java/Extensions:/Library/Java/Extensions:/Network/Library/Java/Extensions:/System/Library/Java/Extensions:/usr/lib/java:."/>
    <property name="java.vm.info" value="mixed mode"/>
    <property name="java.vendor" value="Oracle Corporation"/>
    <property name="java.vm.version" value="25.161-b12"/>
    <property name="java.ext.dirs" value="/Users/mng/Library/Java/Extensions:/Library/Java/JavaVirtualMachines/jdk1.8.0_161.jdk/Contents/Home/jre/lib/ext:/Library/Java/Extensions:/Network/Library/Java/Extensions:/System/Library/Java/Extensions:/usr/lib/java"/>
    <property name="sun.io.unicode.encoding" value="UnicodeBig"/>
    <property name="java.class.version" value="52.0"/>
    <property name="socksNonProxyHosts" value="local|*.local|169.254/16|*.169.254/16"/>
  </properties>
  <testcase name="whenGetIsCalledWithNoPathParam_thenReturnNotFound" classname="uk.co.paulpop.services.controller.JavaSpringServiceControllerIT" time="0.364"/>
  <testcase name="whenGetIsCalledWithSingleCharPathParam_thenReturnHello" classname="uk.co.paulpop.services.controller.JavaSpringServiceControllerIT" time="0.027"/>
  <testcase name="whenGetIsCalledWithSingleSpacePathParam_thenReturnHello" classname="uk.co.paulpop.services.controller.JavaSpringServiceControllerIT" time="0.014"/>
  <testcase name="whenGetIsCalledWithMultiWordPathParam_thenReturnHello" classname="uk.co.paulpop.services.controller.JavaSpringServiceControllerIT" time="0.013"/>
</testsuite>